  stdafx.cpp
  UDPClient_thdDlg.cpp
c:\users\samsung\desktop\termproject\chatting_tcp\udpclient_thd\udpclient_thd\udpclient_thddlg.cpp(171): warning C4267: '=': 'size_t'에서 'unsigned short'(으)로 변환하면서 데이터가 손실될 수 있습니다.
c:\users\samsung\desktop\termproject\chatting_tcp\udpclient_thd\udpclient_thd\udpclient_thddlg.cpp(174): warning C4267: '=': 'size_t'에서 'unsigned short'(으)로 변환하면서 데이터가 손실될 수 있습니다.
c:\users\samsung\desktop\termproject\chatting_tcp\udpclient_thd\udpclient_thd\udpclient_thddlg.cpp(180): warning C4018: '<': signed 또는 unsigned가 일치하지 않습니다.
c:\users\samsung\desktop\termproject\chatting_tcp\udpclient_thd\udpclient_thd\udpclient_thddlg.cpp(184): warning C4244: '=': 'unsigned long'에서 'unsigned char'(으)로 변환하면서 데이터가 손실될 수 있습니다.
c:\users\samsung\desktop\termproject\chatting_tcp\udpclient_thd\udpclient_thd\udpclient_thddlg.cpp(208): warning C4554: '^': 연산자 우선 순위에 오류가 있는지 확인하십시오. 괄호를 사용하여 우선 순위를 명확하게 지정하십시오.
c:\users\samsung\desktop\termproject\chatting_tcp\udpclient_thd\udpclient_thd\udpclient_thddlg.cpp(218): warning C4244: '=': 'unsigned long'에서 'unsigned char'(으)로 변환하면서 데이터가 손실될 수 있습니다.
c:\users\samsung\desktop\termproject\chatting_tcp\udpclient_thd\udpclient_thd\udpclient_thddlg.cpp(341): warning C4805: '==': 연산에 'BOOL' 형식과 'bool' 형식을 함께 사용하는 것은 안전하지 않습니다.
c:\users\samsung\desktop\termproject\chatting_tcp\udpclient_thd\udpclient_thd\udpclient_thddlg.cpp(365): warning C4805: '==': 연산에 'BOOL' 형식과 'bool' 형식을 함께 사용하는 것은 안전하지 않습니다.
c:\users\samsung\desktop\termproject\chatting_tcp\udpclient_thd\udpclient_thd\udpclient_thddlg.cpp(452): warning C4805: '==': 연산에 'BOOL' 형식과 'bool' 형식을 함께 사용하는 것은 안전하지 않습니다.
c:\users\samsung\desktop\termproject\chatting_tcp\udpclient_thd\udpclient_thd\udpclient_thddlg.cpp(484): warning C4805: '==': 연산에 'BOOL' 형식과 'bool' 형식을 함께 사용하는 것은 안전하지 않습니다.
c:\users\samsung\desktop\termproject\chatting_tcp\udpclient_thd\udpclient_thd\udpclient_thddlg.cpp(1245): warning C4244: '=': 'unsigned short'에서 'unsigned char'(으)로 변환하면서 데이터가 손실될 수 있습니다.
c:\users\samsung\desktop\termproject\chatting_tcp\udpclient_thd\udpclient_thd\udpclient_thddlg.cpp(1246): warning C4244: '=': 'unsigned short'에서 'unsigned char'(으)로 변환하면서 데이터가 손실될 수 있습니다.
  UDPClient_thd.cpp
  DataSocket.cpp
  코드를 생성하고 있습니다...
  LINK : C:\Users\SAMSUNG\Desktop\Termproject\chatting_TCP\UDPClient_thd\Debug\UDPClient_thd.exe을(를) 찾을 수 없거나 마지막 증분 링크에 의해 빌드되지 않았습니다. 전체 링크를 수행하고 있습니다.
stdafx.obj : warning LNK4258: '/entry:WinMainCRTStartup' 지시문은 '/ENTRY:wWinMainCRTStartup' 스위치와 호환되지 않습니다. 무시됩니다.
  UDPClient_thd.vcxproj -> C:\Users\SAMSUNG\Desktop\Termproject\chatting_TCP\UDPClient_thd\Debug\UDPClient_thd.exe
  UDPClient_thd.vcxproj -> C:\Users\SAMSUNG\Desktop\Termproject\chatting_TCP\UDPClient_thd\Debug\UDPClient_thd.pdb (Partial PDB)
